component           foundation_s60_packages
# temporary component to hold the Foundation pkgdefs from ex-s60
source   \sf\os\deviceplatformrelease\symbianosbld\foundation_s60_packages
# not including non-contributed contents
source   \sf\app\camera\distribution.policy.s60
source   \sf\app\camera\package_definition.xml
source   \sf\app\commonemail\distribution.policy.s60
source   \sf\app\commonemail\package_definition.xml
source   \sf\app\conntools\distribution.policy.s60
source   \sf\app\conntools\package_definition.xml
source   \sf\app\contentcontrol\distribution.policy.s60
source   \sf\app\contentcontrol\package_definition.xml
source   \sf\app\conversations\distribution.policy.s60
source   \sf\app\conversations\package_definition.xml
source   \sf\app\devicecontrol\distribution.policy.s60
source   \sf\app\devicecontrol\package_definition.xml
source   \sf\app\dictionary\distribution.policy.s60
source   \sf\app\dictionary\package_definition.xml
source   \sf\app\files\distribution.policy.s60
source   \sf\app\files\package_definition.xml
source   \sf\app\gallery\distribution.policy.s60
source   \sf\app\gallery\package_definition.xml
source   \sf\app\graphicsuis\distribution.policy.s60
source   \sf\app\graphicsuis\package_definition.xml
source   \sf\app\homescreen\distribution.policy.s60
source   \sf\app\homescreen\package_definition.xml
source   \sf\app\homescreentools\distribution.policy.s60
source   \sf\app\homescreentools\package_definition.xml
source   \sf\app\im\distribution.policy.s60
source   \sf\app\im\package_definition.xml
source   \sf\app\imgeditor\distribution.policy.s60
source   \sf\app\imgeditor\package_definition.xml
source   \sf\app\imgvieweruis\distribution.policy.s60
source   \sf\app\imgvieweruis\package_definition.xml
source   \sf\app\iptelephony\distribution.policy.s60
source   \sf\app\iptelephony\package_definition.xml
source   \sf\app\java\distribution.policy.s60
source   \sf\app\java\package_definition.xml
source   \sf\app\location\distribution.policy.s60
source   \sf\app\location\package_definition.xml
source   \sf\app\mmsharinguis\distribution.policy.s60
source   \sf\app\mmsharinguis\package_definition.xml
source   \sf\app\musicplayer\distribution.policy.s60
source   \sf\app\musicplayer\package_definition.xml
source   \sf\app\phone\distribution.policy.s60
source   \sf\app\phone\package_definition.xml
source   \sf\app\photos\distribution.policy.s60
source   \sf\app\photos\package_definition.xml
source   \sf\app\poc\distribution.policy.s60
source   \sf\app\poc\package_definition.xml
source   \sf\app\printing\distribution.policy.s60
source   \sf\app\printing\package_definition.xml
source   \sf\app\profile\distribution.policy.s60
source   \sf\app\profile\package_definition.xml
source   \sf\app\radio\distribution.policy.s60
source   \sf\app\radio\package_definition.xml
source   \sf\app\rndtools\distribution.policy.s60
source   \sf\app\rndtools\package_definition.xml
source   \sf\app\screensaver\distribution.policy.s60
source   \sf\app\screensaver\package_definition.xml
source   \sf\app\settingsuis\distribution.policy.s60
source   \sf\app\settingsuis\package_definition.xml
source   \sf\app\speechsrv\distribution.policy.s60
source   \sf\app\speechsrv\package_definition.xml
source   \sf\app\utils\distribution.policy.s60
source   \sf\app\utils\package_definition.xml
source   \sf\app\videocenter\distribution.policy.s60
source   \sf\app\videocenter\package_definition.xml
source   \sf\app\videoeditor\distribution.policy.s60
source   \sf\app\videoeditor\package_definition.xml
source   \sf\app\videoplayer\distribution.policy.s60
source   \sf\app\videoplayer\package_definition.xml
source   \sf\app\videotelephony\distribution.policy.s60
source   \sf\app\videotelephony\package_definition.xml
source   \sf\app\voicerec\distribution.policy.s60
source   \sf\app\voicerec\package_definition.xml
source   \sf\app\webuis\distribution.policy.s60
source   \sf\app\webuis\package_definition.xml
source   \sf\mw\accesssec\distribution.policy.s60
source   \sf\mw\accesssec\package_definition.xml
source   \sf\mw\camerasrv\distribution.policy.s60
source   \sf\mw\camerasrv\package_definition.xml
source   \sf\mw\dlnasrv\distribution.policy.s60
source   \sf\mw\dlnasrv\package_definition.xml
source   \sf\mw\drm\distribution.policy.s60
source   \sf\mw\drm\package_definition.xml
source   \sf\mw\hapticsservices\distribution.policy.s60
source   \sf\mw\hapticsservices\package_definition.xml
source   \sf\mw\homescreensrv\distribution.policy.s60
source   \sf\mw\homescreensrv\package_definition.xml
source   \sf\mw\imghandling\distribution.policy.s60
source   \sf\mw\imghandling\package_definition.xml
source   \sf\mw\imsrv\distribution.policy.s60
source   \sf\mw\imsrv\package_definition.xml
source   \sf\mw\ipconnmgmt\distribution.policy.s60
source   \sf\mw\ipconnmgmt\package_definition.xml
source   \sf\mw\legacypresence\distribution.policy.s60
source   \sf\mw\legacypresence\package_definition.xml
source   \sf\mw\locationsrv\distribution.policy.s60
source   \sf\mw\locationsrv\package_definition.xml
source   \sf\mw\mds\distribution.policy.s60
source   \sf\mw\mds\package_definition.xml
source   \sf\mw\metadatasrv\distribution.policy.s60
source   \sf\mw\metadatasrv\package_definition.xml
source   \sf\mw\mmappfw\distribution.policy.s60
source   \sf\mw\mmappfw\package_definition.xml
source   \sf\mw\mmuifw\distribution.policy.s60
source   \sf\mw\mmuifw\package_definition.xml
source   \sf\mw\networkingdm\distribution.policy.s60
source   \sf\mw\networkingdm\package_definition.xml
source   \sf\mw\opensrv\distribution.policy.s60
source   \sf\mw\opensrv\package_definition.xml
source   \sf\mw\phonesrv\distribution.policy.s60
source   \sf\mw\phonesrv\package_definition.xml
source   \sf\mw\platformtools\distribution.policy.s60
source   \sf\mw\platformtools\package_definition.xml
source   \sf\mw\remotemgmt\distribution.policy.s60
source   \sf\mw\remotemgmt\package_definition.xml
source   \sf\mw\remotestorage\distribution.policy.s60
source   \sf\mw\remotestorage\package_definition.xml
source   \sf\mw\serviceapi\distribution.policy.s60
source   \sf\mw\serviceapi\package_definition.xml
source   \sf\mw\serviceapifw\distribution.policy.s60
source   \sf\mw\serviceapifw\package_definition.xml
source   \sf\mw\svgt\distribution.policy.s60
source   \sf\mw\svgt\package_definition.xml
source   \sf\mw\uiaccelerator\distribution.policy.s60
source   \sf\mw\uiaccelerator\package_definition.xml
source   \sf\mw\uiresources\distribution.policy.s60
source   \sf\mw\uiresources\package_definition.xml
source   \sf\mw\uitools\distribution.policy.s60
source   \sf\mw\uitools\package_definition.xml
source   \sf\mw\usbservices\distribution.policy.s60
source   \sf\mw\usbservices\package_definition.xml
source   \sf\mw\videoutils\distribution.policy.s60
source   \sf\mw\videoutils\package_definition.xml
source   \sf\mw\vpnclient\distribution.policy.s60
source   \sf\mw\vpnclient\package_definition.xml
source   \sf\mw\web\distribution.policy.s60
source   \sf\mw\web\package_definition.xml
source   \sf\mw\websrv\distribution.policy.s60
source   \sf\mw\websrv\package_definition.xml
source   \sf\mw\wirelessacc\distribution.policy.s60
source   \sf\mw\wirelessacc\package_definition.xml
source   \sf\os\imagingext\distribution.policy.s60
source   \sf\os\imagingext\package_definition.xml

notes_source      \component_defs\release.src
ipr T
